#
# There is insufficient memory for the Java Runtime Environment to continue.
# Native memory allocation (malloc) failed to allocate 1048576 bytes for AllocateHeap
# Possible reasons:
#   The system is out of physical RAM or swap space
#   In 32 bit mode, the process size limit was hit
# Possible solutions:
#   Reduce memory load on the system
#   Increase physical memory or swap space
#   Check if swap backing store is full
#   Use 64 bit Java on a 64 bit OS
#   Decrease Java heap size (-Xmx/-Xms)
#   Decrease number of Java threads
#   Decrease Java thread stack sizes (-Xss)
#   Set larger code cache with -XX:ReservedCodeCacheSize=
# This output file may be truncated or incomplete.
#
#  Out of Memory Error (memory/allocation.inline.hpp:61), pid=4760, tid=0x00000000000010c4
#
# JRE version:  (8.0_111-b14) (build )
# Java VM: Java HotSpot(TM) 64-Bit Server VM (25.111-b14 mixed mode windows-amd64 compressed oops)
# Failed to write core dump. Minidumps are not enabled by default on client versions of Windows
#

---------------  T H R E A D  ---------------

Current thread (0x0000000001cde000):  JavaThread "Unknown thread" [_thread_in_vm, id=4292, stack(0x00000000024a0000,0x00000000025a0000)]

Stack: [0x00000000024a0000,0x00000000025a0000]
[error occurred during error reporting (printing stack bounds), id 0xc0000005]

Native frames: (J=compiled Java code, j=interpreted, Vv=VM code, C=native code)


---------------  P R O C E S S  ---------------

Java Threads: ( => current thread )

Other Threads:

=>0x0000000001cde000 (exited) JavaThread "Unknown thread" [_thread_in_vm, id=4292, stack(0x00000000024a0000,0x00000000025a0000)]

VM state:not at safepoint (normal execution)

VM Mutex/Monitor currently owned by a thread: None

Heap:
 PSYoungGen      total 18944K, used 327K [0x00000000eab00000, 0x00000000ec000000, 0x0000000100000000)
  eden space 16384K, 2% used [0x00000000eab00000,0x00000000eab51ec8,0x00000000ebb00000)
  from space 2560K, 0% used [0x00000000ebd80000,0x00000000ebd80000,0x00000000ec000000)
  to   space 2560K, 0% used [0x00000000ebb00000,0x00000000ebb00000,0x00000000ebd80000)
 ParOldGen       total 44032K, used 0K [0x00000000c0000000, 0x00000000c2b00000, 0x00000000eab00000)
  object space 44032K, 0% used [0x00000000c0000000,0x00000000c0000000,0x00000000c2b00000)
 Metaspace       used 770K, capacity 4480K, committed 4480K, reserved 1056768K
  class space    used 75K, capacity 384K, committed 384K, reserved 1048576K

Card table byte_map: [0x0000000011c30000,0x0000000011e40000] byte_map_base: 0x0000000011630000

Marking Bits: (ParMarkBitMap*) 0x000000007225a6c0
 Begin Bits: [0x0000000012220000, 0x0000000013220000)
 End Bits:   [0x0000000013220000, 0x0000000014220000)

Polling page: 0x0000000001c60000

CodeCache: size=245760Kb used=327Kb max_used=327Kb free=245432Kb
 bounds [0x0000000002870000, 0x0000000002ae0000, 0x0000000011870000]
 total_blobs=57 nmethods=0 adapters=38
 compilation: enabled

Compilation events (0 events):
No events

GC Heap History (0 events):
No events

Deoptimization events (0 events):
No events

Internal exceptions (0 events):
No events

Events (10 events):
Event: 0.074 loading class java/lang/Short
Event: 0.075 loading class java/lang/Short done
Event: 0.075 loading class java/lang/Integer
Event: 0.075 loading class java/lang/Integer done
Event: 0.075 loading class java/lang/Long
Event: 0.075 loading class java/lang/Long done
Event: 0.076 loading class java/lang/NullPointerException
Event: 0.076 loading class java/lang/NullPointerException done
Event: 0.077 loading class java/lang/ArithmeticException
Event: 0.077 loading class java/lang/ArithmeticException done


Dynamic libraries:
0x000000013f830000 - 0x000000013f867000 	C:\Program Files\Java\jdk1.8.0_111\bin\java.exe
0x0000000077b10000 - 0x0000000077cb9000 	C:\Windows\SYSTEM32\ntdll.dll
0x00000000779f0000 - 0x0000000077b0f000 	C:\Windows\system32\kernel32.dll
0x000007fefddb0000 - 0x000007fefde1c000 	C:\Windows\system32\KERNELBASE.dll
0x000007feff570000 - 0x000007feff64b000 	C:\Windows\system32\ADVAPI32.dll
0x000007feff6c0000 - 0x000007feff75f000 	C:\Windows\system32\msvcrt.dll
0x000007feff930000 - 0x000007feff94f000 	C:\Windows\SYSTEM32\sechost.dll
0x000007fefe2b0000 - 0x000007fefe3dd000 	C:\Windows\system32\RPCRT4.dll
0x00000000778f0000 - 0x00000000779ea000 	C:\Windows\system32\USER32.dll
0x000007feff870000 - 0x000007feff8d7000 	C:\Windows\system32\GDI32.dll
0x000007feffc80000 - 0x000007feffc8e000 	C:\Windows\system32\LPK.dll
0x000007fefe160000 - 0x000007fefe229000 	C:\Windows\system32\USP10.dll
0x000007fefc4b0000 - 0x000007fefc6a4000 	C:\Windows\WinSxS\amd64_microsoft.windows.common-controls_6595b64144ccf1df_6.0.7601.17514_none_fa396087175ac9ac\COMCTL32.dll
0x000007feffc00000 - 0x000007feffc71000 	C:\Windows\system32\SHLWAPI.dll
0x000007feff540000 - 0x000007feff56e000 	C:\Windows\system32\IMM32.DLL
0x000007feff760000 - 0x000007feff869000 	C:\Windows\system32\MSCTF.dll
0x0000000072fb0000 - 0x0000000073082000 	C:\Program Files\Java\jdk1.8.0_111\jre\bin\msvcr100.dll
0x0000000071a40000 - 0x00000000722da000 	C:\Program Files\Java\jdk1.8.0_111\jre\bin\server\jvm.dll
0x000007fef0070000 - 0x000007fef0079000 	C:\Windows\system32\WSOCK32.dll
0x000007feff8e0000 - 0x000007feff92d000 	C:\Windows\system32\WS2_32.dll
0x000007feff6b0000 - 0x000007feff6b8000 	C:\Windows\system32\NSI.dll
0x000007fefb7e0000 - 0x000007fefb81b000 	C:\Windows\system32\WINMM.dll
0x000007fefcb70000 - 0x000007fefcb7c000 	C:\Windows\system32\VERSION.dll
0x0000000077cd0000 - 0x0000000077cd7000 	C:\Windows\system32\PSAPI.DLL
0x00000000742f0000 - 0x00000000742ff000 	C:\Program Files\Java\jdk1.8.0_111\jre\bin\verify.dll
0x0000000073170000 - 0x0000000073199000 	C:\Program Files\Java\jdk1.8.0_111\jre\bin\java.dll
0x0000000072f90000 - 0x0000000072fa6000 	C:\Program Files\Java\jdk1.8.0_111\jre\bin\zip.dll

VM Arguments:
jvm_args: -Djava.awt.headless=true -Xmx1024M -Dfile.encoding=windows-1251 -Duser.country=RU -Duser.language=ru -Duser.variant 
java_command: com.android.dx.command.Main --dex --num-threads=4 --output C:\!DISK\GitHub\GAI\rnGAI\android\app\build\intermediates\pre-dexed\debug\com.facebook.react-react-native-0.51.0_2e2b5a3b52efda0387761d2faee07c490c383ef7.jar C:\!DISK\GitHub\GAI\rnGAI\android\app\build\intermediates\exploded-aar\com.facebook.react\react-native\0.51.0\jars\classes.jar
java_class_path (initial): C:\Users\ed\AppData\Local\Android\sdk\build-tools\23.0.1\lib\dx.jar
Launcher Type: SUN_STANDARD

Environment Variables:
CLASSPATH=C:\!DISK\GitHub\GAI\rnGAI\android\\gradle\wrapper\gradle-wrapper.jar
PATH=C:\ProgramData\Oracle\Java\javapath;C:\Windows\system32;C:\Windows;C:\Windows\System32\Wbem;C:\Windows\System32\WindowsPowerShell\v1.0\;C:\Program Files\Git\cmd;C:\Program Files\nodejs\;C:\Program Files (x86)\Skype\Phone\;C:\Users\ed\AppData\Roaming\npm;C:\Program Files\Heroku\bin;C:\Program Files\Java\jdk1.8.0_111\bin
USERNAME=ed
OS=Windows_NT
PROCESSOR_IDENTIFIER=Intel64 Family 6 Model 55 Stepping 8, GenuineIntel



---------------  S Y S T E M  ---------------

OS: Windows 7 , 64 bit Build 7601 (6.1.7601.18409)

CPU:total 2 (2 cores per cpu, 1 threads per core) family 6 model 55 stepping 8, cmov, cx8, fxsr, mmx, sse, sse2, sse3, ssse3, sse4.1, sse4.2, popcnt, clmul, erms, 3dnowpref, tsc, tscinvbit

Memory: 4k page, physical 4075892k(344952k free), swap 5098036k(5248k free)

vm_info: Java HotSpot(TM) 64-Bit Server VM (25.111-b14) for windows-amd64 JRE (1.8.0_111-b14), built on Sep 22 2016 19:24:05 by "java_re" with MS VC++ 10.0 (VS2010)

time: Mon Jan 01 18:53:01 2018
elapsed time: 0 seconds (0d 0h 0m 0s)

